[debug] [2020-06-12T16:30:02.396Z] ----------------------------------------------------------------------
[debug] [2020-06-12T16:30:02.400Z] Command:       /usr/local/bin/node /usr/local/bin/firebase serve
[debug] [2020-06-12T16:30:02.400Z] CLI Version:   8.4.1
[debug] [2020-06-12T16:30:02.401Z] Platform:      darwin
[debug] [2020-06-12T16:30:02.401Z] Node Version:  v10.16.0
[debug] [2020-06-12T16:30:02.408Z] Time:          Fri Jun 12 2020 13:30:02 GMT-0300 (Brasilia Standard Time)
[debug] [2020-06-12T16:30:02.408Z] ----------------------------------------------------------------------
[debug] [2020-06-12T16:30:02.409Z] 
[debug] [2020-06-12T16:30:02.426Z] > command requires scopes: ["email","openid","https://www.googleapis.com/auth/cloudplatformprojects.readonly","https://www.googleapis.com/auth/firebase","https://www.googleapis.com/auth/cloud-platform"]
[debug] [2020-06-12T16:30:02.427Z] > authorizing via signed-in user
[debug] [2020-06-12T16:30:02.428Z] [iam] checking project rede-social-lab-teste for permissions ["firebase.projects.get"]
[debug] [2020-06-12T16:30:02.434Z] >>> HTTP REQUEST POST https://cloudresourcemanager.googleapis.com/v1/projects/rede-social-lab-teste:testIamPermissions  
 {"permissions":["firebase.projects.get"]}
[debug] [2020-06-12T16:30:03.462Z] <<< HTTP RESPONSE 200 {"content-type":"application/json; charset=UTF-8","vary":"X-Origin, Referer, Origin,Accept-Encoding","date":"Fri, 12 Jun 2020 16:30:03 GMT","server":"ESF","cache-control":"private","x-xss-protection":"0","x-frame-options":"SAMEORIGIN","x-content-type-options":"nosniff","server-timing":"gfet4t7; dur=877","alt-svc":"h3-27=\":443\"; ma=2592000,h3-25=\":443\"; ma=2592000,h3-T050=\":443\"; ma=2592000,h3-Q050=\":443\"; ma=2592000,h3-Q049=\":443\"; ma=2592000,h3-Q048=\":443\"; ma=2592000,h3-Q046=\":443\"; ma=2592000,h3-Q043=\":443\"; ma=2592000,quic=\":443\"; ma=2592000; v=\"46,43\"","accept-ranges":"none","transfer-encoding":"chunked"}
[debug] [2020-06-12T16:30:03.464Z] >>> HTTP REQUEST GET https://firebase.googleapis.com/v1beta1/projects/rede-social-lab-teste  
 
[debug] [2020-06-12T16:30:04.697Z] <<< HTTP RESPONSE 200 {"content-type":"application/json; charset=UTF-8","vary":"X-Origin, Referer, Origin,Accept-Encoding","date":"Fri, 12 Jun 2020 16:30:04 GMT","server":"ESF","cache-control":"private","x-xss-protection":"0","x-frame-options":"SAMEORIGIN","x-content-type-options":"nosniff","alt-svc":"h3-27=\":443\"; ma=2592000,h3-25=\":443\"; ma=2592000,h3-T050=\":443\"; ma=2592000,h3-Q050=\":443\"; ma=2592000,h3-Q049=\":443\"; ma=2592000,h3-Q048=\":443\"; ma=2592000,h3-Q046=\":443\"; ma=2592000,h3-Q043=\":443\"; ma=2592000,quic=\":443\"; ma=2592000; v=\"46,43\"","accept-ranges":"none","transfer-encoding":"chunked"}
[info] 
[info] === Serving from '/Users/paclaraujo/Desktop/SAP004-social-network'...
[info] 
[debug] [2020-06-12T16:30:04.703Z] >>> HTTP REQUEST GET https://firebase.googleapis.com/v1beta1/projects/rede-social-lab-teste/webApps/-/config  
 
[debug] [2020-06-12T16:30:05.741Z] <<< HTTP RESPONSE 200 {"content-type":"application/json; charset=UTF-8","vary":"X-Origin, Referer, Origin,Accept-Encoding","date":"Fri, 12 Jun 2020 16:30:05 GMT","server":"ESF","cache-control":"private","x-xss-protection":"0","x-frame-options":"SAMEORIGIN","x-content-type-options":"nosniff","alt-svc":"h3-27=\":443\"; ma=2592000,h3-25=\":443\"; ma=2592000,h3-T050=\":443\"; ma=2592000,h3-Q050=\":443\"; ma=2592000,h3-Q049=\":443\"; ma=2592000,h3-Q048=\":443\"; ma=2592000,h3-Q046=\":443\"; ma=2592000,h3-Q043=\":443\"; ma=2592000,quic=\":443\"; ma=2592000; v=\"46,43\"","accept-ranges":"none","transfer-encoding":"chunked"}
[info] i  hosting: Serving hosting files from: public {"metadata":{"emulator":{"name":"hosting"},"message":"Serving hosting files from: \u001b[1mpublic\u001b[22m"}}
[info] ✔  hosting: Local server: http://localhost:5000 {"metadata":{"emulator":{"name":"hosting"},"message":"Local server: \u001b[4m\u001b[1mhttp://localhost:5000\u001b[22m\u001b[24m"}}
[info] i  hosting: 127.0.0.1 - - [12/Jun/2020:16:30:10 +0000] "GET /index.js HTTP/1.1" 200 1 "http://localhost:5000/" "Mozilla/5.0 (Macintosh; Intel Mac OS X 10.15; rv:76.0) Gecko/20100101 Firefox/76.0" {"metadata":{"emulator":{"name":"hosting"},"message":"127.0.0.1 - - [12/Jun/2020:16:30:10 +0000] \"GET /index.js HTTP/1.1\" 200 1 \"http://localhost:5000/\" \"Mozilla/5.0 (Macintosh; Intel Mac OS X 10.15; rv:76.0) Gecko/20100101 Firefox/76.0\""}}
